\BOOKMARK [0][-]{chapter.1}{Introduction}{}
\BOOKMARK [1][-]{section.1.1}{Historique}{chapter.1}
\BOOKMARK [1][-]{section.1.2}{Pr\351sentation}{chapter.1}
\BOOKMARK [0][-]{chapter.2}{Liste des solutions de pare-feu par identification}{}
\BOOKMARK [0][-]{chapter.3}{Externalisation des logs dans une BD MySQL}{}
\BOOKMARK [0][-]{chapter.4}{Fonctionnement d'ufwi}{}
\BOOKMARK [1][-]{section.4.1}{Algorithme}{chapter.4}
\BOOKMARK [0][-]{chapter.5}{Daemon ufwi-authd}{}
\BOOKMARK [1][-]{section.5.1}{Introduction}{chapter.5}
\BOOKMARK [1][-]{section.5.2}{Intallation}{chapter.5}
\BOOKMARK [1][-]{section.5.3}{Quelques commandes li\351es au daemon}{chapter.5}
\BOOKMARK [1][-]{section.5.4}{Fichier de configuration}{chapter.5}
\BOOKMARK [1][-]{section.5.5}{Installation des certificats}{chapter.5}
\BOOKMARK [0][-]{chapter.6}{Daemon ufwi-filterd}{}
\BOOKMARK [1][-]{section.6.1}{Introduction}{chapter.6}
\BOOKMARK [1][-]{section.6.2}{Intallation}{chapter.6}
\BOOKMARK [1][-]{section.6.3}{Compilation}{chapter.6}
\BOOKMARK [1][-]{section.6.4}{Commandes}{chapter.6}
\BOOKMARK [1][-]{section.6.5}{Fichier de configuration}{chapter.6}
\BOOKMARK [0][-]{chapter.7}{Daemon ufwi-rcpd}{}
\BOOKMARK [1][-]{section.7.1}{Introduction}{chapter.7}
\BOOKMARK [1][-]{section.7.2}{Installation}{chapter.7}
\BOOKMARK [2][-]{subsection.7.2.1}{Pr\351-requis}{section.7.2}
\BOOKMARK [1][-]{section.7.3}{Utilisation}{chapter.7}
\BOOKMARK [2][-]{subsection.7.3.1}{D\351marrage}{section.7.3}
\BOOKMARK [2][-]{subsection.7.3.2}{ufwi\137rpcd\137client \(nucentral\137client\)}{section.7.3}
\BOOKMARK [0][-]{chapter.8}{Avencement du projet \340 mis parcours}{}
\BOOKMARK [0][-]{chapter.9}{Difficult\351 rencontr\351 et avis personnel}{}
